2025/08/18 16:50:33 init init TURNSTILE_SECRET TURNSTILE_SECRET: 
2025/08/18 16:50:33 WARNING: TURNSTILE_SECRET not set; Turnstile will fail verification.
2025/08/18 16:50:33 init init2 TURNSTILE_SECRET TURNSTILE_SECRET: 0x4AAAAAABs0mQcJoE384zznrf2_dfQEplc
2025/08/18 16:50:33 Server starting…
2025/08/18 16:50:47 username , password, toke AmirGHZ ASDASDASD 0.NIHEvkCvgvy1rZtFFy6vlFOGb39pWQlPAk3Jp4HkdcRJ2TYccav79M35bCSpN4TZJg5hBaGNmhXaP3pIDF8AcwPaFevmS8cc659Al3apDL6ZdZc5zVuosdeUWI5NMUZj6xxrBLG_0ELzEjUiAxCkWGlqJeSv6ne1YcWOcCtMZd72CLW364OtshVfOkMwW9I5gbs-Q2sH4NPtSZqD_BOc8wF14rskGdm_1vn_gep8KhKHaDTyRorTbdcKhwDoZqkHO4BynSOxFdoiwPQ_QMCNID6zF6nF0ZBjBpsYVchNXzo_QEWOmk5Ws1hNI0XT-QICiS9N8VdnnR4zOOlVW3JCL6A-BIzC9_F2YOtnjC9k6G2P_UfrM3ucpS9_QjIOIGipQfXLD6owsIVEcJS2-osqNIqti-sl9IbJ3mzEzT7KZz52ojO9zQtErY3NZLILOMTbi7UOroltpmqrP7MtWlDqgyzc0DZpBeC-Uk-015WqVUypC8O_h91J5odl6y-3uxQcTxDRJboiNNID7OP7cUr90bB26gE7RvUnlv0HPx94qvakvjkwor87OjMtT3_g4FqftY8sR9tT-PUnefUoFocXIoRC4RpeS1MjnTv6HyywsPWIloFQrHpF--ZgRM5u7aar1Ojh2IZM6WExYU3bWHNtH7epjOEuX8FMdeKkBxzg07U5onoG5RgGG4GVFCP3m_f3G_rAwnNSKGhm3bxsFytWQyqqngi7vGGOjm_0RMQJmItqRQo1xI8QfI0_dGpw98osQ300QVrLzRrnaIsYk-EsZyyPrtjdD3_K3EmLfkfrNLecAMYf2ACp7fHz0rQ-Vxr0HXqbUk-b_xKkVT4UjX3PImbhsohYHrMu75aHr7raarXxsMQradzFkhAzG8oIBVdNCmDtjD0HRftTcv235FtFFrM6zYVhl70t6Il7SU2aMQY.QVaGykxFz1UvuZWZtZOeIA.595e4a728e2d4ac9db53fedd18a9746dac5ae04a8c6ce1c397ed336bcae5c08a
2025/08/18 16:50:47 verifyTurnstileverifyTurnstileverifyTurnstile: 0x4AAAAAABs0mQcJoE384zznrf2_dfQEplc
2025/08/18 16:50:55 username , password, toke AmirGHZ 18652442 0.NIHEvkCvgvy1rZtFFy6vlFOGb39pWQlPAk3Jp4HkdcRJ2TYccav79M35bCSpN4TZJg5hBaGNmhXaP3pIDF8AcwPaFevmS8cc659Al3apDL6ZdZc5zVuosdeUWI5NMUZj6xxrBLG_0ELzEjUiAxCkWGlqJeSv6ne1YcWOcCtMZd72CLW364OtshVfOkMwW9I5gbs-Q2sH4NPtSZqD_BOc8wF14rskGdm_1vn_gep8KhKHaDTyRorTbdcKhwDoZqkHO4BynSOxFdoiwPQ_QMCNID6zF6nF0ZBjBpsYVchNXzo_QEWOmk5Ws1hNI0XT-QICiS9N8VdnnR4zOOlVW3JCL6A-BIzC9_F2YOtnjC9k6G2P_UfrM3ucpS9_QjIOIGipQfXLD6owsIVEcJS2-osqNIqti-sl9IbJ3mzEzT7KZz52ojO9zQtErY3NZLILOMTbi7UOroltpmqrP7MtWlDqgyzc0DZpBeC-Uk-015WqVUypC8O_h91J5odl6y-3uxQcTxDRJboiNNID7OP7cUr90bB26gE7RvUnlv0HPx94qvakvjkwor87OjMtT3_g4FqftY8sR9tT-PUnefUoFocXIoRC4RpeS1MjnTv6HyywsPWIloFQrHpF--ZgRM5u7aar1Ojh2IZM6WExYU3bWHNtH7epjOEuX8FMdeKkBxzg07U5onoG5RgGG4GVFCP3m_f3G_rAwnNSKGhm3bxsFytWQyqqngi7vGGOjm_0RMQJmItqRQo1xI8QfI0_dGpw98osQ300QVrLzRrnaIsYk-EsZyyPrtjdD3_K3EmLfkfrNLecAMYf2ACp7fHz0rQ-Vxr0HXqbUk-b_xKkVT4UjX3PImbhsohYHrMu75aHr7raarXxsMQradzFkhAzG8oIBVdNCmDtjD0HRftTcv235FtFFrM6zYVhl70t6Il7SU2aMQY.QVaGykxFz1UvuZWZtZOeIA.595e4a728e2d4ac9db53fedd18a9746dac5ae04a8c6ce1c397ed336bcae5c08a
2025/08/18 16:50:55 verifyTurnstileverifyTurnstileverifyTurnstile: 0x4AAAAAABs0mQcJoE384zznrf2_dfQEplc
2025/08/18 16:50:55 Turnstile failed: [timeout-or-duplicate]
2025/08/18 16:51:34 username , password, toke AmirGHZ 18652442 0.MKgf2fdE3Yo4sXeoyKn_3NTKGSEGt2CeLmtrCFW7lJ3YFUTlCcCxjTViFRNtrSDLdJR2K6ZOeUKvPmNkYbA40-ReXcK4A3IcKhELql8fZTTDFc7xkPXpDBSVvZWx5XdF3vpEj1VlksZNn2ngdN7HalpejdSuEclWpVaCzAQEFRISv1_Dao0Nn7gX9J3vbYUT4suybK2sj4hTA2e4PQxUr9b2BdS2LpbvIMnXeZOKtKp7DBv160G5_aY62Q-mfOmeVpyfRq8OVaaU3ZawthfsU7UU81h6tkapCNnvllDQOyQyJ1aG7H63QzsNYh9ur4hZBZ4U4rgGzOK8FTtdAm1PK1ZkHNRea8fg4uouR3XoZHkEQ145QIUzLUyPS6JjjEkSgxuy0BKXRwB9tQAD413pQMIPYEVBK3aufupp4QLlLZema5GXxq0GIl5CJ6YSK5tjyuYe2KZKNquQthpLj8Q34TcAfWTO9zfnCJJRwEnBfWaggpyDxMEknkAy1DgCC_K9UZF3OLMH9PTpApe5y6IA312JVTx8DBhikx3apeZpHQwWjNxZ4gkALzeVOcvx61G5jIh0Y8bPHFO23gE4blezxqgqD2PsnHNX1mpyoFguFuMrvJFGEtQFaWp5Jviifu2BEOSQEM8DFbZ6lpkMrvKLDNdbAF1GL3TOXbqZWHnbAZ5ShVsOUKHnKIE1_9D9-T86Kp4_QB20iilutVE7irw6_EI7yHkuVsTA1Bac0v6BpAz5cnni_lRlmGlwKAzKRpVuJ4EvQLkSHcRpM37yWD6N1JIcO3ujLztBOiaVJxEXrvIecdCTyoSbJEX7GG1jQooLDJDcbJDbMQogqxIxTwJzP98KaFPTv2xNxh8Bc1nPLyo-wy_Jl5zftbswpP1i_r-97AGB-_94PMhG63S1wccq9AaZGyJO_2_ypKCcMrgXS30.u5er_Ky5_S9YpuS8vX6fJw.46c86f2a47850baf3cd3feb2a78bdf1a6b18dca617c46ac5dbeb2f16267acb29
2025/08/18 16:51:34 verifyTurnstileverifyTurnstileverifyTurnstile: 0x4AAAAAABs0mQcJoE384zznrf2_dfQEplc
2025/08/18 16:56:03 verifyTurnstileverifyTurnstileverifyTurnstile: 0x4AAAAAABs0mQcJoE384zznrf2_dfQEplc
2025/08/19 10:35:57 init init TURNSTILE_SECRET TURNSTILE_SECRET: 
2025/08/19 10:35:57 WARNING: TURNSTILE_SECRET not set; Turnstile will fail verification.
2025/08/19 10:35:57 init init2 TURNSTILE_SECRET TURNSTILE_SECRET: 0x4AAAAAABs0mQcJoE384zznrf2_dfQEplc
2025/08/19 10:35:57 Server starting…
2025/08/19 10:48:05 username , password, toke AmirGHZ 18652442 
2025/08/19 10:48:12 username , password, toke AmirGHZ 18652442 0.Nh4QgcmJrL-i9XOqAywZHa6AsYm8iO0Zj0K-vXow94A6UR3uHxF6pvXYJu2NfJiwqWV2Y3lrYbkjT1o3hnSu40ObTxFTlndEt_2YaWBACgqGc6AQA7SvXta81oqGDbqTkzxE4O8W7XcsJWsWJRISLQqtQpQc6SJL-bCnM7o0e9xyqpPasAQo5HQr_DJYXB_0aLGqfT_BnfsD4s5kIg9Weyd3xiG4J6Nn_LrOosOC1do82wmV7hLT39adoXVMMi3M-d0wixjI7AyoFhB6UFC6EUhdn5fyWIJyYcUwjfsusbb5u0WuUmcPZSKeukukbnfD5A_XFarNt1n0srbh6tmoTYC8qDk6emO8kdhxiFkupXWSIBkbtU0TR3NCcp0KrQfIJmDTUkf2RoSMTHJgNlGutlKAN5WdbvG5zw8d21JAJMuWAvR_xHK92aiKR8nPw9TzTYRkr7qW5OW-5dmLARNxOoke1QR2k5prOXajLZZzWEznSZY74sC2VIdx8Gj9Nb_kcEQLUI_DACz4t12qpgAd6BhNNKl_J9TNVdyZ98NNIQvhttgDEXJOm1Tqcl_GRdnnNV0BmstkauVH8XptMyV6x1rVw6kuoHOg_QeDdO-kiFN8rpeCMQk-UYw_JEyWVJmh6hvVvLO6CHgeIc91WkL1puU4p6Dw83teu-vXizw6ZiQ_Fh7NIl8Wg4tl2jQtHMVRjCSMO-49Z1h5oNW9Q82yDjRUMephHu3nzNoj8T1n6AlIoHGAHfg7bCIgceMzcxnTZ_zFS3Lj0BbFnsbFamBQ56nQHPT_0jKZI1BJ5jgo8v6plemiHZNcVQ17Ob3NeKK7hPQKos8gu4S_qYwv-nOobF1UhHifL7kFXn4g1g5W9bRYmHPAVRomRiNNVwCbw9mlngFKvL76Vv4uNNc4SIuVVA.a0fVV_w3mi-2-5ats1XLPw.341a8cd0d4d3f76928dd4fed0d554a32d668614a5b84801dac8a17d3e00983ca
2025/08/19 10:48:12 verifyTurnstileverifyTurnstileverifyTurnstile: 0x4AAAAAABs0mQcJoE384zznrf2_dfQEplc
2025/08/19 10:51:11 username , password, toke AmirGHZ 18652442 0.Nh4QgcmJrL-i9XOqAywZHa6AsYm8iO0Zj0K-vXow94A6UR3uHxF6pvXYJu2NfJiwqWV2Y3lrYbkjT1o3hnSu40ObTxFTlndEt_2YaWBACgqGc6AQA7SvXta81oqGDbqTkzxE4O8W7XcsJWsWJRISLQqtQpQc6SJL-bCnM7o0e9xyqpPasAQo5HQr_DJYXB_0aLGqfT_BnfsD4s5kIg9Weyd3xiG4J6Nn_LrOosOC1do82wmV7hLT39adoXVMMi3M-d0wixjI7AyoFhB6UFC6EUhdn5fyWIJyYcUwjfsusbb5u0WuUmcPZSKeukukbnfD5A_XFarNt1n0srbh6tmoTYC8qDk6emO8kdhxiFkupXWSIBkbtU0TR3NCcp0KrQfIJmDTUkf2RoSMTHJgNlGutlKAN5WdbvG5zw8d21JAJMuWAvR_xHK92aiKR8nPw9TzTYRkr7qW5OW-5dmLARNxOoke1QR2k5prOXajLZZzWEznSZY74sC2VIdx8Gj9Nb_kcEQLUI_DACz4t12qpgAd6BhNNKl_J9TNVdyZ98NNIQvhttgDEXJOm1Tqcl_GRdnnNV0BmstkauVH8XptMyV6x1rVw6kuoHOg_QeDdO-kiFN8rpeCMQk-UYw_JEyWVJmh6hvVvLO6CHgeIc91WkL1puU4p6Dw83teu-vXizw6ZiQ_Fh7NIl8Wg4tl2jQtHMVRjCSMO-49Z1h5oNW9Q82yDjRUMephHu3nzNoj8T1n6AlIoHGAHfg7bCIgceMzcxnTZ_zFS3Lj0BbFnsbFamBQ56nQHPT_0jKZI1BJ5jgo8v6plemiHZNcVQ17Ob3NeKK7hPQKos8gu4S_qYwv-nOobF1UhHifL7kFXn4g1g5W9bRYmHPAVRomRiNNVwCbw9mlngFKvL76Vv4uNNc4SIuVVA.a0fVV_w3mi-2-5ats1XLPw.341a8cd0d4d3f76928dd4fed0d554a32d668614a5b84801dac8a17d3e00983ca
2025/08/19 10:51:11 verifyTurnstileverifyTurnstileverifyTurnstile: 0x4AAAAAABs0mQcJoE384zznrf2_dfQEplc
2025/08/19 10:51:12 Turnstile failed: [timeout-or-duplicate]
2025/08/19 10:51:22 username , password, toke AmirGHZ 18652442 0.Sq0L8ehYmKMBb4Y0VsI-Zt1qnb7FOXRWCROxerfP-2roo4Yy90iQzdCUuEt_6uC-VD_VBykWRN01P9dggFFuOAjYlEpPV_ByUT8LJq2BCmzUchVH7j4OQDm-rd4KbmznWO45y38Nks3d6EFoAoIFErciQNfegJr61sjgUJ8riPjoVNuWCAzN_d5D06Y0E6YZBJ0xhFrevr8qnV7qbpkThcRGRgcrhu9AiuOzGE0Br4WzASYsfwwP-0TFb2FpaEEToZMSRh27UrpkrBfUgkr2hX45ZTnps1xibPBcSI_u4_PfR6kY8hzNWhRUX63N2Ss3-80N5h5iYr9ByYDGKBI7kcYHNmu1SwQXiRSetRUlHLXnOEIrdtMzyjSUf5PX0lIZKUZRd-FUG8sdhxDL5sME9kE76_grlv0KcBSq5eO4y-3vh4xO_ABkNSR571ROKu2RRwKpOHHC10XpgSPHDYKD1VSy4MmgXL6ZJ91WtICeSLPHoPdhFF28bphjkxiN1JrLXo-FWj0IyzsPr6Wyk3p2rhJ52bXT4JY9hZf69Evh_8F4-XOk3nBV97NGXpD3Ye-VrBSCONzeahMQKh_GZ2BvzQBk8UletCCXDWphHBF32o6wIr56q7RPYoGx8P40-ybH6UaGlTyIiKhyDP3bpNF-6Ei05N56ZpRZAOpBwQ-DSbbLEYze2BvpkOMh7s-oMtR8DnDyLGaEDvJZPFnpJOWC321tNze_KTuqGI9oSNzR9ADpQGQx9mqPg7bQHxRKjlYdBzTyYXZEV070BXhdvQaNdu29Okri86uCHhcRCZG1wClsKKq5gnaJPloNGxtGzSStqpfoAqVXUQ7higTre4y0tdvDmdQun6_YX_PK1na2w-1daIF-ZgqtEu1CLjYdPorEz1zxQaiKwqYAFX2PY68KNw.eSRXV4FD9zEbO-eAtQCEkQ.584e98a728069703961c95816d65ddcb268578880d1a0090fed9dcb97b3f9218
2025/08/19 10:51:22 verifyTurnstileverifyTurnstileverifyTurnstile: 0x4AAAAAABs0mQcJoE384zznrf2_dfQEplc
2025/08/19 10:56:48 init init TURNSTILE_SECRET TURNSTILE_SECRET: 
2025/08/19 10:56:48 WARNING: TURNSTILE_SECRET not set; Turnstile will fail verification.
2025/08/19 10:56:48 init init2 TURNSTILE_SECRET TURNSTILE_SECRET: 0x4AAAAAABs0mQcJoE384zznrf2_dfQEplc
2025/08/19 10:56:48 Server starting…
2025/08/19 10:56:58 username , password, toke AmirGHZ 18652442 
2025/08/19 10:57:00 username , password, toke AmirGHZ 18652442 0.IyStIhiMF3mPlvtJvRsrwSAr8pCd6jKrkesoZiejSfm1CBliUQaRg_DEmK2-qNDUJLRXyDzimIrVKQu2sUK-_IABaV4IxH0DVt3LJuB6oKl6T7Alg8Su_xrpZ0s294c_J9qQXx0q0qk49v0Oyf_yxF7ayN0_ViJ_VuRWL48xsSTdgaWMreuBTI1lvP71PGOZpuP_OM7g-BnSE9Vhi__18_PN8RP9FRtr_05oSFRRbtrzGzPUspOKQoCbxISbrmA4IgyyU5oeDWJpy4SIfkpZRpBO0Wpy4klOaZpemTyrCKdFpU5PrWfzkMdSH3E517ZOy2mqcvCFSe8Vjd_8_8EipeJSa_zxHhXLnungkA2SWCS0gXpctT5CC44x-X0l1NjXyfGgTpCoIMXxYy9hmJSykPIlr7_zQrf0EmvwIrnKYpzJuauHa4pEct193CmeSDWE9vyEgTE52pcdZv9iMiv2kbFB-erTOKPcm1vyPukgnrjXD2GFIer7iqbQjA2-KhdFOVf-n_zS3yLDpqAGVfN6MPQhYjwYd2LDZyvHhUacXxMNLuNyomiR0bGu2tqYTDWYovcWV841IRriYOjtP6ERTG935-ePSE6k0h8WbNzt2IS5O1pj8s4ej4Pw2bqEYOfhkpIGnxlu0ll9_BzZTvmuES5aLMHfBOtN8nnHHWh0vMvlEfEuBk2EF_QY2uvlIWZHqlP0XYeJPYYyepL-ThfwrbpaBOm9Xah0gjvlsXkycU5J-Be0A8EEM86xpXzu293sStbH3mncM6AaMH_QedTurrIOzL-c6O05ud5km1Q1IZzry-Z7ehB4PRvA_kPVa33NLENyYN4O6km8l_pXDnV4ymiinFYWsxd7ASYUkMYNHLjqF6aircI8Xm6iRUA-1uPssIB9JZf8aeL-G8cQYX-nyg.BhcK2Rn-dhnrb935BN06uw.c489258fbd0cf7065b750d7f3b6de8ebcd0d0dcd1948fc2acbeaf378f6b1dbad
2025/08/19 10:57:00 verifyTurnstileverifyTurnstileverifyTurnstile: 0x4AAAAAABs0mQcJoE384zznrf2_dfQEplc
2025/08/19 11:06:46 init init TURNSTILE_SECRET TURNSTILE_SECRET: 
2025/08/19 11:06:46 WARNING: TURNSTILE_SECRET not set; Turnstile will fail verification.
2025/08/19 11:06:46 init init2 TURNSTILE_SECRET TURNSTILE_SECRET: 0x4AAAAAABs0mQcJoE384zznrf2_dfQEplc
2025/08/19 11:06:46 Server starting…
2025/08/19 11:07:02 username , password, toke AmirGHZ 18652442 0.9feWZhEzw5eGTyGZ5cSgz1G_kNPfZJ4Mg9zouUjQPIEK-PNMpwU78cKX2eOK0jZ5eBcCehOrohgDzR7WBaI-qvV5BqI0eTZOAofQZ4r7gzOttKSH9K_kec3AekxoDZuF8dht2w0ir5KJQQoL06r75IMC1vqHwd_AoWh5BXj0DpbVoNq57jOm5XdFmtPs_j6P11W7T5b_R18lXjc3td-ywSZ9_pTDZ48xShst9B_kipPgkjKonZqupWvUSxDV39zMGwCR5WBOJeFz_7D6-6ZdvcQDZwzELwXD_3rwmv1JCxuJ6FL_h2efo9MgTOhMUdg2JxKd7PoPeUOgKySKCOY9zbIsLW_dXoMfbqiLML84RDIg6IEo7M-SxV-EtjrD_Qf4e7HupDOXt1fmd9BEERDqkRMcCbz5OEuB6l4hYaftZCpouP_VqTvyVoUTgPL-FybQiDoZBpkE3Td5RdSltmeswkaYHqw0DiAHu86em75O9z1QHvFzGknp_qGpsTp5KTPUmBvbKs9xcsgvYobgsN4qZRNTXBLg_5gi01lRUvCivetetFKhJeIqqQP0-62F9lYivX-lO6LFXmmro70C-gKlNb6orIniU0Cb1Rr_cwZbYTZnfkYYLrkbwimAZ4yrBxn7HC2CDCzvKqCpHO2iPGh65BUix3k-koKKAf3sgvfO9Ki8txrnyABIVTqGkzYYsXQSBZGiWgG17KK_IUGV4DOMZqtHmIud7EcxJfYBmO8cJHwVR-Wg-ww6jX-Q39ej_keH_JO0I1gyyYigWpGcPK0nu6tB2HaEJfufXLVMUxa3NVeeik8yN4XGt_oK3rFfRDhJXszzQM51wsTW5xQNCYzcm3h5qlgG99PBx0A9yOFZeM4pMDeymKcZP1MGXWpU-hDiUF9VJ1JVcWV2uejv8G4N9A.sZjGWWx_1pP0chaxhwvtOQ.c83c2924d2edf57efa69669e71eed10b166cbf746f6f59563b0954837bd71d7f
2025/08/19 11:07:02 verifyTurnstileverifyTurnstileverifyTurnstile: 0x4AAAAAABs0mQcJoE384zznrf2_dfQEplc
2025/08/19 11:14:02 init init TURNSTILE_SECRET TURNSTILE_SECRET: 
2025/08/19 11:14:02 WARNING: TURNSTILE_SECRET not set; Turnstile will fail verification.
2025/08/19 11:14:02 init init2 TURNSTILE_SECRET TURNSTILE_SECRET: 0x4AAAAAABs0mQcJoE384zznrf2_dfQEplc
2025/08/19 11:14:02 Server starting…
2025/08/19 11:14:14 username , password, toke AmirGHZ 18652442 0.4KNyUN_7WMt7ba5AAcDRGZ5BDyjb16mhYgMVS408YTslNAepjD7huCUDUU_uhDVD0oc72I722LpkuDtmsRGctu0KtyD-FPJccjmWVkU4dvyTLyw8logHui5FwrMtUVBIyQ7tOPvg4susvheD6KzWnUHC94Axeq7ScTExF2AwyK0WA1pVswlVajHu8bYha8LGXsh5tchqHoZncuTfhFEvXHtgBIB_2LK1YXZa1mZmlPZflPOyugR5utiglxvHJHXqOTBLJSOO3aH_GkgvMgHNVALBtQVikc12uwi1wqnKk5O2xyLQvoparqiIg5vhbIASblTblofOjD5ZtHpM-KXsYL2hp3S5ZMXPIXKz_zfdx0EY3orh9BaeilnhT2rWGgrDdw2McWYg4h1RAzjgVIufcZ99tWxu3_xagtWZvGN828Hb4fZGK-hYjfE8R7NneUnHjQtr2ZAwo9ykphOl0x-KLTTnE7jdFgPcLhQqehmaeIiU4aMHeJf3xIdn0QlpQ9KlHpL5LCX3W3E3cmLy8EFErT9NMFtJg8idGL-IP-EyYTs66uxiOCnarE4iHh-Z51FOUZRONU9L7ra0hLeBkLa9glSeiXs6uBb7UczW-WBLL4LovLQYABPxpmzF9_HQn7PdTV7KGynsvzRvKCUYbc19FJ1i4IFMh8jU-5SXr-LPCD6SwycSNXQ0i7x1Z1pTux3lbmVAgwO-RB8yFigdPjZXM0adr7PbOesUwWVvMNl0exDD8llbM7seEqn9ubhji2YSFI68UEIjCErbe1x8wqOos-oHL4QyeFtS6xUBF2qR943IMWS-fK81nCyoGF_Zh_ZFM7yV-ozH0wm1t9ohjTRKFQxtsAcJzeoApnMc8keZMPUMAqs7WIsTR6ZkjgytYAVFGbURNHMihZNTR1WVzE40JA.c-AAVKmi44x0nXWfuy6Dfw.ad085f0857dc2a3ea6b3cffe9abe71102fa4e70e3f68ce52015605d8be06b20d
2025/08/19 11:14:14 verifyTurnstileverifyTurnstileverifyTurnstile: 0x4AAAAAABs0mQcJoE384zznrf2_dfQEplc
2025/08/19 11:15:01 username , password, toke AmirGHZ 555615616 0.CfReYXba2bYppEfNiBfetLdhFcIspU7qHJA_sk_Jbc3hBz5I1aBeRMzmigwQewI7vXKgjDNcXsSmLGxbYMay7HFfF9O46ZNGrANnNPvCak4wcOFO-34DYGCckknV1b_uFQ4JXmBDyfr3EljOJy1FQlktAl9OXe_KwAVlqwBfMdNXPyJnfjIXjgWlPEuZ_60DJlsZtJw8bSYk7VXEYdKSw_mJbYKdFe87L9bV94PmeUydbqtQvUNhexwxdi3R6YEqgZJd6KotozxP65dnDVF3byD_fzECNqqmKd19QYB7me6jd8DGNUQ2NrqibhZKAZ11Y6SFcjnSMvZFBB2Gz0VGfdhCVjQ1mZIehNGNGr0OZWdnxgKUhY7lelbkP9VLCBk2AfWPXdFp0I79KcJ9y9fn8ba8QS_C12xnsYgudWbXF7doLI1ewRivyFeEoh82uKzG03jnaxXRet6IkTEIp_22j5Xu2y3F3ezZMwty5_SieHpUraLpk7K1gVBv6fsXXlsVqMtSAH0alCkaaz0WHzHwFqwVDB-7IWPKmjN8LUAWH7ELSp_jIip_HuQ4zRb9_Ct5erqIO4p18G643VXM4lWZZ0QrgDTzycSG2YE0Sy89lQoBz1NCmYTrMDGO9wmcuKahInHw7UzEWn1_tAYBDMS-tFaplBi7y2j_b_q5bgbHsfOCYt9EN4tLOs4l2fCx2ftXej141pURwqj9HaJo1Ig4o7S638bQmXmPTbDyH9AnIiYsCirGpF176i2cMSn7OQpT9nBr-pZLNN6PBr9K4mFsJxTzbb8KQPv6Ovmxx4RthZSZOj9rIpQJbYyde4iawo4WBiNIQtmZ3GA2W3s4IDiHLmslxrYGouzZaqCEW9aWZZu5rF5iIcoA7Q3iPKPKdK7GVeC9CE6-OEZO_-6KfbD0Ag.y3wYm89a4D6Zqiu5k2aKJA.be9a07132e74ca2032afb6977c40b3557339bede3455238c4b652f35c6817823
2025/08/19 11:15:01 verifyTurnstileverifyTurnstileverifyTurnstile: 0x4AAAAAABs0mQcJoE384zznrf2_dfQEplc
2025/08/19 11:36:08 username , password, toke AmirGHZ 18652442 0.V-waIS9_oOWhyx2AR9YDwwZ34JDI4TcLeUsxh3AjF5hjqYt6HROSJvFpFYU-1lI21InkkXXVPNS-13vmKT0uEGahGK3gWdCXqwFEHlK4-Z1xF-gLi7RjewMvSiYTTozMn5ihuZs3nXwe-i3AlDRec6Nq1PV5O6PK7ekclKbDqhm0KnneaW7AaDsvYl8ULlnmweK8ilSTGHE7PTYEVdXFWZnu6U6o5f_bjsniEO0YTOnxfq_NLDzf1cZXvQ7vjBwuAcjqDqCN_t3zqT05Xt26aN1Qom4445lmpJB6mCuyhVYYMt4QqS0Lxwk8ZQycCA1IbBQLnoGZpOIANd8Qs6GzYZLTqP0JbufjH3SBc8gANPp2k1-6ANihLGX2KmjcCKDraoAd6uyjeK0mwgvhGFC7iI5jDh4LPZzAvyW4XvGjN7-zozWfQyzM98MPtPkFnv0JdfKeXV9jDPSAOOLYwyB4ST09WuVWlaDluUm3ef16CJlMYE8hHQGmeCOwjE58nCF0c7yil_L21I5Bu2f5yS0Bd6JSKPXu_GZRTALYtmvSiuvctSHezzFyizfPLss5VnKvi6RmFzG4OVGlheU_zNyd8hECPzUTfTEzNTw2EGzqIfyDC5eB-0539sL4VeAKWQKE2F5MYdwNcTt3sv1sBdTPJ2jY3JOZj6fY3IkJ1DeIY09szL6dU65Bt_yl6gTyCpKWJBAg1JlQ5xRWw0fJrsULyb1klqWwMstiyKZG-EO13nC1eKReHMCcQwgIqxyF5hQKH45RaRVhj0praV7Y-HHAxHP3R1ClFxHxLlbIdWIjP_P3ay8z6yjOQH5gpQ5MEDql3ARKQBTrWTt8OayMhAo99Q0NIaqe0PMmTcO3hi4nOHQu9-pssOeJVZeKAUFWIGeIXkePxZI3aSG9imPWBYj0MA.FA50g6EYiaGxxjgVDd36UA.eb3d8aefb68ecb426b52032553d9bbbd04687088c8a09eb3f39f7bc18d6f4dcb
2025/08/19 11:36:08 verifyTurnstileverifyTurnstileverifyTurnstile: 0x4AAAAAABs0mQcJoE384zznrf2_dfQEplc
2025/08/19 12:29:33 init init TURNSTILE_SECRET TURNSTILE_SECRET: 
2025/08/19 12:29:33 WARNING: TURNSTILE_SECRET not set; Turnstile will fail verification.
2025/08/19 12:29:33 init init2 TURNSTILE_SECRET TURNSTILE_SECRET: 0x4AAAAAABs0mQcJoE384zznrf2_dfQEplc
2025/08/19 12:29:33 Server starting…
2025/08/19 12:29:47 username , password, toke AmirGHZ 18652442 
2025/08/19 12:29:50 username , password, toke AmirGHZ 18652442 0.Cfvmfz1JirDGYMok5-yOA5-Akktk6zudzSHGOYS7H_-RHtdsXDkro8nvE8DJCEjkyvDwaR4trFCYEV8zEiHFn_j7EhpbdDNynzyU0wHvY4G7RX6pWOG37aEwBg40gvvflaILLSmbGht3IZp48IQCtA_xJOvIqhtJOaFFj-iMdtmSeMG-dQMt3RXY8DdLLKAIEjgLYC0AvCoffOPPlvE988jvsj_2VD2YM0SXQF-THX_Hl9z9PJ3gz5FE7dwDu7CYdoa6nJgLgQ0ftjSIitFoghrBuMwiE93nKwKjWua8ilKJTFqTsjLZHLk8-H2scLoYld9u37iln06EPW45vlsTqXP6czNYNw71wAT8bxhmwR2r-CQj7rKFs_VY1sO1lKKnXHaOGtC5NzeKbv8mjxXK2W1XcO5EPXxKl58NwqsnJjne5rolrbrbnSKWw-pkf54JV2svuEn3RrbgHZP91KQTW-Yw6LmsB91Lkbpf-J6vUBc04niu9Pws7O8qFUznsA-t_ZmZEtKyxd2PApU8TxD_DKwDAJdhCT1FSqtVITeEkPNCy8jkrDQdRCD9DPbzFXE4b6lbSqAJb6UXuCvhiqSKXXowEJ8AYKLykQpxTFtj1juC29cfzQnySxw1W_rkg19u6mSuKWSvYuZkKTCP-o9r0uy0FERgzlBWJSSn5iKlBlLeY1CB37jSkhlXizC-PsqlkRqKd5exfiUvwPapxQOpmbWOtdl4iR-v5bpG7CZEv_A4q6FQbmkgeNYDeknR__OldKLQfiVTfbxLKz94_3lTZTYpYp3I3pPSp_XoBdnOz54zOGtEB65DP7AZR3f1Uow7qO0sULO9MjvfwWin0C4bPoFx-MPOYWmQ-SVEu0C0sj9BQjDE2B3u5-8GQ2e8keV5WmFC7pGRaBQeJQSv5k4kyQ._ckAZBw3N95F5CdsiR0CrA.68080492f91428b98abbe1b92d0e6f737cb904c2cb4a82e0d444ff6b66c9a0ab
2025/08/19 12:29:50 verifyTurnstileverifyTurnstileverifyTurnstile: 0x4AAAAAABs0mQcJoE384zznrf2_dfQEplc
2025/08/19 13:28:21 username , password, toke AmirGHZ 18652442 0.FWdhv4e99nBD4YIdRcJxYIvW8ybFu8Q5RFlKXlOiMvPfZemVUorwinIevx5lQoL-5TV5AO9qfpTBTsi8L6dsliZ5JYjpLdReC4qi60EA0g1E2UASjqTvos2NLq6CHq-3jIDpxX4bPsDjaATc_YA8evnGTy3TcLEzknKHZwNDws3ZE59yQkNtCPNPf5rLe8Qs41e03x_CLKvu7pCpVUHvB7qzgFyECKD-_mimH1DZMu8tVbWAPkyb3FGQ1IjP45Hu6aoNcY9OuUggHsIzF3zZBykkHHGJew5dmDISvc9zcU_bNXl1HHxX-bGUBf6PSiLJLYpKIN3QMrw2MngzxRmNXyVMUPxmsvtFAfvFYXfRUHtjtFlo-t1V5Ruf8WOWPFS_eNxO7wj8L3Jw4Rj5dwd3R9sb9kgGT_5plRyOCCVmzMw3UfKEXJOiNR49YqFQHgfAXnplIRXbUsw5YXcU9slyYIix38BaJQCNqI-PBGfOfPa3BlOlFU_LQQFeiHt2_SN_QLaBkJByM6LT5C4biXkUdVudyAXu5MiPKhGUe9bwPwW_Z6oFUgiz10e28i4wL7yoqCb80SYycRChV8m75JvrV6EgYPuH1uDECP10FvCY5uq77TMZXhO6Xc4xhymIBlt7OtVbb85-I6RZfOt8K3op12jt3GTVgFgYdmo_4owbZNJSutbDeaicQwQwCDpJO0x_KIFi075FJ4y5gOBDA2gtrpQ5_lOS74jrCas7QVRZmKpu6Mn7CZxRAUr_u1nfLLjgMTN-Wg41jnoeZoAee9g0C07px0X6bRKQAshY9k_vwe2GgEAyo_lHpjzkWR-XYzOUpBO5wKTiK48jPbocHnwiHy4mzsk9BdTrTs2j8xh5r_f4hNMKWcvBrKMYIKf7rXftBE2pWo8MU7unpGwQmv3SDg.4r1BGHj88J4IGLSr8XMX5g.bd78532a0a47736d0ba36db69ec5a77e8d531c3a653d9b39c920730d495ea66d
2025/08/19 13:28:21 verifyTurnstileverifyTurnstileverifyTurnstile: 0x4AAAAAABs0mQcJoE384zznrf2_dfQEplc
2025/08/19 13:40:23 init init TURNSTILE_SECRET TURNSTILE_SECRET: 
2025/08/19 13:40:23 WARNING: TURNSTILE_SECRET not set; Turnstile will fail verification.
2025/08/19 13:40:23 init init2 TURNSTILE_SECRET TURNSTILE_SECRET: 0x4AAAAAABs0mQcJoE384zznrf2_dfQEplc
2025/08/19 13:40:23 Server starting…
2025/08/19 13:40:35 username , password, toke AmirGHZ 18652442 0.oQQl42jyTmJpk1OahNtXN7Ud-wGQQsVn5dN6qMSU1sxo0q_Ertnfn3bphXCRtcZQGqNVLnCindd-fB-bZImQ4qeJVheKCopxOj9KEjzLFcQ77pt_TApg18Ck6ve9s6iphDiQ0UvOwrYJLVOXD7p-JjJQ6JIuNS5cI-yDhi6LMfg8iueOr4U3FCYcOnFiIml14PrOUrhN8FpRlz5hPSD6VNIuGP5Irbd2tHL-gYQR9R3U4UJtOkuZ2vl9poMmB0ujNw3_UX9po9IJSK0BFBVkOQaoBD-3t3AkS2z83QjyGSWtmeYYYZbg6dXSp3u2eNqWR3JQslfRGxlpacvaaO3-48WuDjaQ7rZoO_JgTFYKYratEXogV9ejjmU_-BqBsZ-EYMWm_q53MMC9FQ0m9POpNkom8NvWyq4Qye0SfzIz9e-3Qk80LmRvVrthhwzoBt-2CanmExBRR6asDXkD9vn2R_A3J2jODZ09Zmav07B58cyZUVZLO5s0Ej59EbcdqpjLwYBMUupGf4oVgZqeQOA8dDiwJL55vrh8d-D56siKLx-X-1jM9qwsVzPbyG10bk-B5xYKbMBC0YkFsCFosFjWWFawjGoCmCRLOLuXKueC2U6wajMdUWA5sJQ9wb4-aii1zMdqXFjmALB-z7ZB_zAd3Q_0Eu6Fd6bF6hi-FzNVBeomEMUMkQ91I9Bkc4L78olk_gD4FjsomoyCDB2-TyQd6vLpO0HS4Z89MzeOKq962iatDrqCYog9s2lJh6BGxebvK0d_DvRQDWYbYASRSMWrltlIYVwIgoexNe8LUHWs8XfKAQStvj-AZLzadr5lASSV1phMSvdEDJa5Tja9IUksR3Uv3t7pSLhWYPbXyARJcsUU9eSv7_JHCrGP1KQqTTfsoRL2ZouQcuJVHM1Av17QbQ.3caGJWiozdKEJxvpknMIgw.faa90fcccf30851a27b2fac2bc3f39051eef80ad69584c10ab5eb870e58c9fbd
2025/08/19 13:40:35 verifyTurnstileverifyTurnstileverifyTurnstile: 0x4AAAAAABs0mQcJoE384zznrf2_dfQEplc
2025/08/19 14:48:51 init init TURNSTILE_SECRET TURNSTILE_SECRET: 
2025/08/19 14:48:51 WARNING: TURNSTILE_SECRET not set; Turnstile will fail verification.
2025/08/19 14:48:51 init init2 TURNSTILE_SECRET TURNSTILE_SECRET: 0x4AAAAAABs0mQcJoE384zznrf2_dfQEplc
2025/08/19 14:48:51 Server starting…
2025/08/19 14:49:16 init init TURNSTILE_SECRET TURNSTILE_SECRET: 
2025/08/19 14:49:16 WARNING: TURNSTILE_SECRET not set; Turnstile will fail verification.
2025/08/19 14:49:16 init init2 TURNSTILE_SECRET TURNSTILE_SECRET: 0x4AAAAAABs0mQcJoE384zznrf2_dfQEplc
2025/08/19 14:49:16 Server starting…
2025/08/19 15:31:04 init init TURNSTILE_SECRET TURNSTILE_SECRET: 
2025/08/19 15:31:04 WARNING: TURNSTILE_SECRET not set; Turnstile will fail verification.
2025/08/19 15:31:04 init init2 TURNSTILE_SECRET TURNSTILE_SECRET: 0x4AAAAAABs0mQcJoE384zznrf2_dfQEplc
2025/08/19 15:31:04 Server starting…
2025/08/19 15:31:32 init init TURNSTILE_SECRET TURNSTILE_SECRET: 
2025/08/19 15:31:32 WARNING: TURNSTILE_SECRET not set; Turnstile will fail verification.
2025/08/19 15:31:32 init init2 TURNSTILE_SECRET TURNSTILE_SECRET: 0x4AAAAAABs0mQcJoE384zznrf2_dfQEplc
2025/08/19 15:31:32 Server starting…
2025/08/19 15:31:43 init init TURNSTILE_SECRET TURNSTILE_SECRET: 
2025/08/19 15:31:43 WARNING: TURNSTILE_SECRET not set; Turnstile will fail verification.
2025/08/19 15:31:43 init init2 TURNSTILE_SECRET TURNSTILE_SECRET: 0x4AAAAAABs0mQcJoE384zznrf2_dfQEplc
2025/08/19 15:31:43 Server starting…
2025/08/19 15:32:48 init init TURNSTILE_SECRET TURNSTILE_SECRET: 
2025/08/19 15:32:48 WARNING: TURNSTILE_SECRET not set; Turnstile will fail verification.
2025/08/19 15:32:48 init init2 TURNSTILE_SECRET TURNSTILE_SECRET: 0x4AAAAAABs0mQcJoE384zznrf2_dfQEplc
2025/08/19 15:32:48 Server starting…
2025/08/19 15:39:23 init init TURNSTILE_SECRET TURNSTILE_SECRET: 
2025/08/19 15:39:23 WARNING: TURNSTILE_SECRET not set; Turnstile will fail verification.
2025/08/19 15:39:23 init init2 TURNSTILE_SECRET TURNSTILE_SECRET: 0x4AAAAAABs0mQcJoE384zznrf2_dfQEplc
2025/08/19 15:39:23 Server starting…
2025/08/19 15:41:35 init init TURNSTILE_SECRET TURNSTILE_SECRET: 
2025/08/19 15:41:35 WARNING: TURNSTILE_SECRET not set; Turnstile will fail verification.
2025/08/19 15:41:35 init init2 TURNSTILE_SECRET TURNSTILE_SECRET: 0x4AAAAAABs0mQcJoE384zznrf2_dfQEplc
2025/08/19 15:41:35 Server starting…
2025/08/19 15:45:07 init init TURNSTILE_SECRET TURNSTILE_SECRET: 
2025/08/19 15:45:07 WARNING: TURNSTILE_SECRET not set; Turnstile will fail verification.
2025/08/19 15:45:07 init init2 TURNSTILE_SECRET TURNSTILE_SECRET: 0x4AAAAAABs0mQcJoE384zznrf2_dfQEplc
2025/08/19 15:45:07 Server starting…
2025/08/19 15:50:27 username , password, toke AmirGHZ 18652442 0.FLla0uAXvfCnna0MQNIpD_LQzCaa56yDt0BWfL6vJQifRGrocoSDKBw0GYCdUfAgzXzdnS43tiN_8K4sTjfpsAEecyCLMpN_ZzyCI-UyiuZr_2Ra3ToNiZDXnmSZQ6JqtRIIvQQrFXUL5dtKOZhVVI38Sq3TwMJrhv-b1uDypcGWvkuxXHxCyLDf_JfQcBjftS4sAQInhDHxLxMHi1VhfQ1PoYD8qItZPb5UEK9QANywe-Grh4O9xIHT0WhEdVsNFiZZbnI55y3caPsXndCFvzKykE32tD4H24IZAabtrYHPYwvBfF_7dpwL30wpryzQYDTJI-ggQeVp86OfO4zZP6Mrj25B_cBFAnOMQHpWV_nX30MF7VOKd6aotLR6ZF7iwiejqnZpOSXSU0JW5bWAk2Pza_eEeADkL2KKsnvbf5YcM7HNsS-xh3wcq6NAej6AHk85riWcDUEEGJELg9ZoGBVUGPX5jX0C2vYlMZuQnpHrg0HSalLrtf_vkMk0psZ3T3HBSFDqPUNBKexDPl9zQFa86IpsBNmfemKiHvDILiRNWjHNVTyd3TP-vGNM-xN-V68r6HfwbGGS7RUDvm3BVAQ9bxovNT1hHZYr4e8cve5LErLQMp5XlUcfK8BXYXSieCSZOCxDW-Ktt8VQk8pmDO8Q60ywDDhgsixBBdcmPg0fVY_G7Qf8zZCGIgzZKHu2o3epJyQ2TdbAJkFXXL07GsJs9hRzNsveezzRc0Pcq8smTPK9dhOupKQyuvQde7xIuqn0Uz_t1xP3zxZc6JbB1s7H5x-c6PbKorgjLwuVkt1BanMqOoLhMW3RAX3_6ZIadBEkspJSedQ0UR251oIfsv3D6VyCSSmAeCVMWWfKbnSn_rEcG1dfomxHhIvJNoiTlmmfLzMhJBFE-59Z4I-Utg.Jg-JFjDF1qu3J3ylRo6BQw.edc8f7168fcd2ef6eab3cb18f4fa20abac37a58ad78f5f25691153b27b6f0ccd
2025/08/19 15:50:27 verifyTurnstileverifyTurnstileverifyTurnstile: 0x4AAAAAABs0mQcJoE384zznrf2_dfQEplc
2025/08/19 15:58:35 init init TURNSTILE_SECRET TURNSTILE_SECRET: 
2025/08/19 15:58:35 WARNING: TURNSTILE_SECRET not set; Turnstile will fail verification.
2025/08/19 15:58:35 init init2 TURNSTILE_SECRET TURNSTILE_SECRET: 0x4AAAAAABs0mQcJoE384zznrf2_dfQEplc
2025/08/19 15:58:35 Server starting…
2025/08/19 16:24:49 init init TURNSTILE_SECRET TURNSTILE_SECRET: 
2025/08/19 16:24:49 WARNING: TURNSTILE_SECRET not set; Turnstile will fail verification.
2025/08/19 16:24:49 init init2 TURNSTILE_SECRET TURNSTILE_SECRET: 0x4AAAAAABs0mQcJoE384zznrf2_dfQEplc
2025/08/19 16:24:49 Server starting…
2025/08/19 16:24:55 init init TURNSTILE_SECRET TURNSTILE_SECRET: 
2025/08/19 16:24:55 WARNING: TURNSTILE_SECRET not set; Turnstile will fail verification.
2025/08/19 16:24:55 init init2 TURNSTILE_SECRET TURNSTILE_SECRET: 0x4AAAAAABs0mQcJoE384zznrf2_dfQEplc
2025/08/19 16:24:55 Server starting…
2025/08/19 16:27:56 init init TURNSTILE_SECRET TURNSTILE_SECRET: 
2025/08/19 16:27:56 WARNING: TURNSTILE_SECRET not set; Turnstile will fail verification.
2025/08/19 16:27:56 init init2 TURNSTILE_SECRET TURNSTILE_SECRET: 0x4AAAAAABs0mQcJoE384zznrf2_dfQEplc
2025/08/19 16:27:56 Server starting…
2025/08/19 16:56:38 init init TURNSTILE_SECRET TURNSTILE_SECRET: 
2025/08/19 16:56:38 WARNING: TURNSTILE_SECRET not set; Turnstile will fail verification.
2025/08/19 16:56:38 init init2 TURNSTILE_SECRET TURNSTILE_SECRET: 0x4AAAAAABs0mQcJoE384zznrf2_dfQEplc
2025/08/19 16:56:38 Server starting…
2025/08/19 16:57:07 init init TURNSTILE_SECRET TURNSTILE_SECRET: 
2025/08/19 16:57:07 WARNING: TURNSTILE_SECRET not set; Turnstile will fail verification.
2025/08/19 16:57:07 init init2 TURNSTILE_SECRET TURNSTILE_SECRET: 0x4AAAAAABs0mQcJoE384zznrf2_dfQEplc
2025/08/19 16:57:07 Server starting…
2025/08/19 17:03:50 init init TURNSTILE_SECRET TURNSTILE_SECRET: 
2025/08/19 17:03:50 WARNING: TURNSTILE_SECRET not set; Turnstile will fail verification.
2025/08/19 17:03:50 init init2 TURNSTILE_SECRET TURNSTILE_SECRET: 0x4AAAAAABs0mQcJoE384zznrf2_dfQEplc
2025/08/19 17:03:50 Server starting…
2025/08/19 17:10:49 init init TURNSTILE_SECRET TURNSTILE_SECRET: 
2025/08/19 17:10:49 WARNING: TURNSTILE_SECRET not set; Turnstile will fail verification.
2025/08/19 17:10:49 init init2 TURNSTILE_SECRET TURNSTILE_SECRET: 0x4AAAAAABs0mQcJoE384zznrf2_dfQEplc
2025/08/19 17:10:49 Server starting…
2025/08/19 17:17:24 init init TURNSTILE_SECRET TURNSTILE_SECRET: 
2025/08/19 17:17:24 WARNING: TURNSTILE_SECRET not set; Turnstile will fail verification.
2025/08/19 17:17:24 init init2 TURNSTILE_SECRET TURNSTILE_SECRET: 0x4AAAAAABs0mQcJoE384zznrf2_dfQEplc
2025/08/19 17:17:24 Server starting...
2025/08/19 17:17:46 username , password, toke AmirGHZ 18652442 
2025/08/19 17:17:55 username , password, toke AmirGHZ 18652442 
2025/08/20 10:52:39 init init TURNSTILE_SECRET TURNSTILE_SECRET: 
2025/08/20 10:52:39 WARNING: TURNSTILE_SECRET not set; Turnstile will fail verification.
2025/08/20 10:52:39 init init2 TURNSTILE_SECRET TURNSTILE_SECRET: 0x4AAAAAABs0mQcJoE384zznrf2_dfQEplc
2025/08/20 10:52:39 Server starting...
2025/08/20 10:53:01 username , password, toke AmirGHZ 18652442 0.CjDvZLRimXqXpY8UgP71i6kOPPBNlhCHM1J4PjBIn3DIxRJzTdY9Xyz1ebkb8uiOa4sIE-lUNzYHXDbh4zJS9d9iusNyG3iWf0qz-ir8OYJu2o9Ksek1aGGn1mZT4W5R0Evh17W7ER3G1hn3yYJ6Z5dVLOs9ZzZGufmb6kXZzWFvSTmUFwk4MxrJAJZCJVDqebiSuPJqEEodwxOaekCFI2POtr06jSXsSkiGSZ5Is5Slw1Y_ks0LajaU2i-Dq_F5rfE4tREQW3VEmoa86N4iDX4IK2FsRnXXWSLhXe7T3v9iadubbCoNMkU68yUdqU5OpIlteImQ_eaYInkWM1CaC9RCIYyeTqjXFshowRqq2f9ato_w9r1tWoN7NgGM-83PoxdbHUaJGBzfznOjaK91qKMd6IJve1ceQuJJ2puCes8h-aDHj6MUrHeS6bH5w_-Ku4CBu_gHh4j58I-TyvB9ABQTC_R0ejrh96InyqEr8ekVnSFaPNTv0FNLtZ-DDaJkHZ0AVW2STpms5zx0MsEcCDJ4kka5OYr8vr4DuKA1v4YbbQ84OPgaxGM8KaTbQDUORNdo7PDv_pgbVMA8xWnA0-LDrRRiLVnp76blXH6dmiQ88o9wDt4migQQUJDXrop_6DSI1gAZ9pfMHE231DTmJw_AD7yn3O7RB-8z0224au-gjhcDqLEtt-zjMFN6woMR6Nyr-NeYR8AMsj0UIjcUtGq8gIVDBFrOycNRPyRHPNX8DqQa0YCSosr_yp0i8BnKopN-oXZYj2hhBCWESLYUTDFj26iouU9I3ILf7ln5LWAnkdISB4QfbTxctmzVBDle07JZIUvD3_x1XFnHUNYE2XZbjQo0ShVja8b-jLo54Tu66q-SNI8fgb7ORlIb8qR0rsktzrvO7H3NQxzi52VrHQ.h-fPSxdlTHonCLmDpgIFpw.25f2d3a4cee47b59e2d17aa93ce6c5fb232667314e98bd3a47ced03bd8bbbaca
2025/08/20 10:53:01 verifyTurnstileverifyTurnstileverifyTurnstile: 0x4AAAAAABs0mQcJoE384zznrf2_dfQEplc
2025/08/20 10:56:09 username , password, toke AmirGHZ 18652442 
2025/08/20 10:59:10 username , password, toke AmirGHZ 18652442 0.a0tkr9bWRCxhQTpdrmNOLkathkB-9qSamPJXT5D3AEnSMSp1JESn-jE443pwObgNC6u9rAuRgTwkIIvlRonjgz97VRlijNorFt4o_WkF22f9woWo3NjjaxYjwmaFFcxuRYaGqOvi94pv5Z8Js2d9ktg1TkoDuedUf_gPhO2NPpyjQzB3e6q2FMwp6i5vykiVsuqictxZNTl4xmEvcHRtonJsJSbWuJ5uKag67xTBYgctfgYyEdKXPazGdxWdieMGxZ4GF1ULJIqu07D_z_dpZLxHNszNam9_tursZPCkBt0NwT_de-elMsqHHEHGJvbMbRvX5HOWTLbGDzm960ipMDJDO6u--2cP8h4ynr6uDf3WZjyzqoB_x99z7IiC5FhVnoOO2HfX6ON3U6s6-5fE-2HUFkhtYkth1ueTHZIudh9kC1Y-CfH-SsdazP-mQ1PK7pMleFrVbyyoH29l8U-FngwEIBPGXoIwAGWjdwVDNZt6DliBgMzeBSx3QQwKjRfzodVV3au492J5hirh4y7qZ1fjys9g4SE2tHASOGBGElHafDz_HkEtqJqAvK8r_0grJLnHMeFOUYahnxUiiXaW9XJpwiVifA3CUdf2XN4PUeYgVtwK3ZWrWUSJyQwJk_lmf2TCSkLk6j-31n_zYSDtKhr6OC8l2RIavtzBuXfRAlO6oG53BwuDuKKqpxMgdtAiU9gCj0w4vMrpMa_Batqa5uwLX3kaCFE21Nj0A_25HlGQW-x2Q-J99-ljFFF9DnRsxBpY1PTsTFnH2jmmJ11yClE1MjRJVocmcrIxb-2DSG6sJ7_ag1n_juAcOInf5zDpec-wTDCCxePEqpdfbDCJL5eQiF0r_6D3XEVk_Z_UYtW4hT-e0TmtnVN3ZvTaKJ0PdFirJlkLWUslm_kOyVzoMw.SpcKoay_jRl0puGobdtSRA.52d106d8bc73f923a73df80bc5cd9f5d358089237fe1ada77a164a645ae375b4
2025/08/20 10:59:10 verifyTurnstileverifyTurnstileverifyTurnstile: 0x4AAAAAABs0mQcJoE384zznrf2_dfQEplc
2025/08/20 11:29:38 username , password, toke AmirGHZ 18652442 
2025/08/20 11:30:30 username , password, toke AmirGHZ 18652442 0.ZC4i6xa5Q4zpX2tAfgcw36bhO-TX2yRLi_7-3bMNMCtSj_mJmL-rk0ZMnJ-TmMvugUZwXBJlnzRCN1zR9Qj2h861Dv2iU4YZfaG8-dkrJW2Ht28YEbNSGWUHDWI05KHgrsHifIqPmCzie08vppNcr9EtnrY1GeX5xpsPh6kd71ZVQ5faig50D8uMy9bpR-oSFEfHu1IP-T5nbKMhgmEybH4aa9PdRcl24pTXBPz6GFVSAfgEvF2m1HwGwnh4GHj5fQQyUQW6b-Fm8SPulur-mcLxdloMtgAH2VKz1a1UKnVttKcE_ybWye_lFKMWwgv1tfu_HH6Xh2h-IAPMnQKhv3FE1HENNLad9YS7R97LvtUhspDI5BMST30gs0WcVFehpDlIE7e8mc357K2o_xrnaQof1XeMl9ufpSNC_YnPuK0RV06gAjVeuCNx1VyMShyflzisDCLwTBGmNLtQN9rS9bwDIbZoUYmEqa2OaGiUuFRQOGUTwEAqNedotv-5fj-snf6yNE_7ixvAfHM3i7Qr92a9NvYvel2QmOACVPViVfujWFVy4uvSz_m3KIf0PtEQVzJMYRbz2CgXKNg0WoWKBTmSfUzzvmTgd--lpz2P5oyF80ISRLTTSrZlVcw0nGW1K0cfV9iebCsHz0fw6fiDRUR7TYjyZ3rbPqbWSdzD4aylCnDq2YYqOU50PFSBX0GmEXcQ8oKrirzUzQyrp2ia7Eni4LeFp4HQ_Udk8PvlvyKrr2GQpJ983JYe8X1jRVlSYHoBvGG9l9EEGeKRnFTv-RrMiJBQRrR-cOFqMiyqcfEpGm89Ehkqt8lz63q0S_QAmPKW3rWL4YpTClkBrsKwriHqTt7t-1ReVe19XO13VBUy1HrjB3DBD-Ne3GeV9iJx9zALiK9pLEmTp8ZiREbSlQ.1JyJ1qtd3sOxch5XWD97fQ.7104410c235f5208f4ff9754cfa4d5392ea87c881cc1d16debe236ab15178cb2
2025/08/20 11:30:30 verifyTurnstileverifyTurnstileverifyTurnstile: 0x4AAAAAABs0mQcJoE384zznrf2_dfQEplc
2025/08/20 12:35:39 init init TURNSTILE_SECRET TURNSTILE_SECRET: 
2025/08/20 12:35:39 WARNING: TURNSTILE_SECRET not set; Turnstile will fail verification.
2025/08/20 12:35:39 init init2 TURNSTILE_SECRET TURNSTILE_SECRET: 0x4AAAAAABs0mQcJoE384zznrf2_dfQEplc
2025/08/20 12:35:39 Server starting...
2025/08/20 12:42:41 username , password, toke AmirGHZ 18652442 0.ccTU-S8lRal6kzO7dRUsRHo_u0WpJea82aeClNREaGsgiBsisR-xn_MR7nIoyopPlGEfn0_XfULqmbS1kGwmZd5ZbRjpleixZJF6JS6DgunJkMCbDfpriQMwIhBqF7ZwBIpHBixoe5hFVVT97IxARTLse8wEM0E60oBAIxC002LlqSDr_RF-truo42FJAv0iKexGgagRh0qmS7YLtAs00_FT2RakjHWFwJ1u6kBkwG5MtUDWma09gy6NpKO-bQNos-g8mrzSOv5fzroCTUm4GvTqS1rct5hCVxbbME4v4ntePbff5tGQVg3MYfot2xVtLKU0T4QdC5Gm-wFG6RKHmLke0r5E9Ije0O7OL88fkxHGNOMYwLwF46IAOQqHbYbQZQCELaRgfj2nc2qTOgc3vr5JWiJ5EnikGOAX_sCYICQJMuMk6Cz9ek0zm1Pjapu3dOoEoe5i8ymU-2WWyH6sRrTQzmQmHvSGdTqaxcyoec4ZH3SWmlkpsg4B6q7p39sUXNROLoOw6Xb0APS-9zc465gZJqBF-LlGpk967t1X2nZGpEAjTAZZIHIjdB8wsvD9mA6PcGamgSk6_o80k7OL_N-nZ6wQNm4NYdRRUonXakLf8Tqa8dKBFXq7f2XjeANDQH8r-QyAYI1eCGdSBg676nJt5Ff8FelwUrsbI0ZYzP-KPk6HcmVrbuqWxfTFTJNL19tyQLaOYtkBRH27MAWrDVxF3rp1xSsdRMj6GkExOajoYqy8ABUMcboKyKm1Gv73b83Mi3wSwvob5pV9Kn49TQ8IrHJ1RAF3AIersrTHZ7Qw760pV9XiYf12mjWQBND_soEyPJGshXLg_ErqM4kuVZ9HJ-9z8NpGxYWGs3cesMnCDMUQfvAZ8oVNLIuO7acSsRnfXyOjBZ7a33KL7KARTw.ecDv_lXefiiv0981D7azZw.2947940919aee28026bdcefc23ede7ad5296069fc5d75d7edd57c4d555868e12
2025/08/20 12:42:41 verifyTurnstileverifyTurnstileverifyTurnstile: 0x4AAAAAABs0mQcJoE384zznrf2_dfQEplc
2025/08/20 12:44:22 username , password, toke AmirGHZ 18652442 0.ISUIiMHC4OZVHd_uxKx0sYjh_1vpyYHl5g8EZnzrIqNA74URf3fIJxMOOupNllRj_0kIEPZU21dl07hZhg_oUdtXMDvAqxVm6gxVESFeRWM486P_Bp8aq0nicfObO6Lxnzp6u48YzxbfDeQiLduFQpSQJspG-HtvKEZlCh6OlNQ29QBhMRSD5ixHMveRFTCHQ4SSog2D8DbBUl5iX0A5KGO5jieEehKn0qoQCHdzisWEjkkatq7Le8VQCLZoDOGB57s4JsS0VoiAODIJKYobAmydqN2aqVwmyI7k6L8E6UAlh2ord5KY-iEiB0s4ad5PT01583lj5fOurjSmOglPLOw_ZeNp5Kxss0fa48LqF2LLnqtX4W21M7PquQrU1rbVQglcdE1W_Y3Kz5V_Xgudw5AEwHFymMxztIUpbSKf3bgL2vINNMMET5CKqjMixarqMNNmy8VspUWaDPll0NZC68qOHIicB-rDoBq2fP0dtXw5lnpDeZTtq3GHQsnBZ6dJE99vhsatdBa0pk1T2ZH02CF_9uSr0jMU2IOh_9fdwCDWQHYNIpCPddPvgOkhBe3h10A-5ZJqx302w-raKnv6lGZ_-x5Lm8LoVJfYTqBcRiJdPlfgzoQucWFLXHgr9vZX31SEUfq2ZcLkV6d34eLCO0m3Z1Hw5MJ8XbIYXmjCRMNP0mrKPsVO0aAkJzUvxZt_aK1xP5tBhB3r5LKu-f_RbAOdBq9_N_KnonhSPsuAolcacocmCuj3jp0fcc1Iy1PkGF_7nGLwqD7SWW5blSdjeqBq9ef2H9BF2otNxiUtHGL6AGhEQo9bO2-c8SfMlULZ6jroVvjNzfiZmgYRgIp1_eTvTINQN4yXHKUAMTSA12krSGfuBN2HiSj7WQzS_9WFHLUcYxopSdwCfRhjXqsahQ.tNhLJko_sWDm9Aia0DcqfQ.02412380182c8ba034a8f56e7cbfdcdc5630bfe4c620138fff718037128cb994
2025/08/20 12:44:22 verifyTurnstileverifyTurnstileverifyTurnstile: 0x4AAAAAABs0mQcJoE384zznrf2_dfQEplc
2025/08/20 13:06:40 init init TURNSTILE_SECRET TURNSTILE_SECRET: 
2025/08/20 13:06:40 WARNING: TURNSTILE_SECRET not set; Turnstile will fail verification.
2025/08/20 13:06:40 init init2 TURNSTILE_SECRET TURNSTILE_SECRET: 0x4AAAAAABs0mQcJoE384zznrf2_dfQEplc
2025/08/20 13:06:40 Server starting...
2025/08/20 13:07:37 username , password, toke AmirGHZ 18652442 0.ArwUm8zw1zZ-Im1IK5k6XbQWSPcTefaekZRuOLkxNm1w53SaKeULt9Jxx84BHxi7wx3Rzs15LCKkUesLDaKhebxOiO1V-qmV-RHdiXTIacKEm2rdQ7NMZ6UhntHBBfPNaMWDoomgZMEAW6ku5G1ga_MPWE-tx8pqMRHuBI0S1K57da3wagH9bbpiL411mMweqq3Tp0npWVr6X8sxa6qK4iqi11XxB2YWzLD24XbjWimTJh8J409IzxbwUlgJonSjQ6e06zvEIo4-dneLwJDR8RFrSaIU_jrCuqbt4_Vjm_34JbrgMx6T2755wnOxXscK7EzoIet7KdQnfcXWftvO4HdJenarKxsCigqT_jyx3mIUZzvzeI1DvkvBZR3SjHYoLKAmvyXeFqfGAoBRWEoBYyoIhCYbxl0fuYfOURyK8OMLjAC0h8s2Zh6nzNbxljvHEkN7uOMkqY5QragDhB01KtI8vn2i7hDgW1dCl89q0o00fClI11KTc7ZTBc8X1c2xUP_sxIFI1b1OQ979bIjwloQS01LTWDdfIDn-WeeZCmwc1SDGQbSMwThhPB2B-3RUFoT2jBLRPs-_xwpxzDe3fMEVnsuuqB0JhU_6K-j2YA07i30VgLZqS2bGW0pQbCBeHVtYObkP1QY_sh4JP3z-fLjiUYGj_51r99FWV1NXeT0ZSkC6q9tXFW9a2_KKPY8PJ6d-2kXhvrlwpuxNddjSdbGhyGSTsUybXQOx5paybOvgvHUwRsWlXuT27_l0KX-IigStarF5M05wgw65u3dAW7pEhq-HE0CbtHoTDwc89P4Ed6r6m59FWTcqZ11wVs-9KTpCb1877KhnZAHNOBhSsaMgD96kb3wa3ZLUR_ML3gbr2MlitDmcpy_dxbMxjcLWvlogYx-bTXE72oJpoDFzdw._woCoMxROIyfc3BoM7ShuA.e0c6beb2f28a5666a71b61b65ea6a904b72008d3c976f1c52e2895f91d66fbde
2025/08/20 13:07:37 verifyTurnstileverifyTurnstileverifyTurnstile: 0x4AAAAAABs0mQcJoE384zznrf2_dfQEplc
2025/08/20 14:02:49 init init TURNSTILE_SECRET TURNSTILE_SECRET: 
2025/08/20 14:02:49 WARNING: TURNSTILE_SECRET not set; Turnstile will fail verification.
2025/08/20 14:02:49 init init2 TURNSTILE_SECRET TURNSTILE_SECRET: 0x4AAAAAABs0mQcJoE384zznrf2_dfQEplc
2025/08/20 14:02:49 Server starting...
2025/08/20 14:03:10 username , password, toke admin password 
2025/08/20 14:03:19 username , password, toke admin password 0.-ZpmA0fE1z4m_AaiiR-7e6Xbx8HqLObsGxg2m5dXYeONrlokgAS_vZcKWm5FjOBFZV0vdfjQou-PcVIWgQYNs2_NFrsxepULqHZTogMEQ_IdfHBCRPBqf_IPrioFEjSo_zH8ICQIAIaHfwhUI2pMjOEXwNznjoih6CfaXRzWrMykIuslvz8puP8XFYHORnffZaDmJUizUfzRtn9b6qnfN8_wJuwC0Q068y1-Uj18PIYKvdCM2Z8H0kNYWZ9EnSsV-uFZw1FYQ0RFkE0xHA1xiuaHge5tuKW39XTN6rLL_HXCsridr2bt9nfKMHQIZPSTAD6OsLFFtJX1oldFyho6aHCNWQY9kjuAfyEzTFLI27_q3kmlIusGbw76pZ_B4BcoCKLtFi3AD8Skw0aDdGF6KmpnLwHhYai5_ghW6GEUo4FdfpjOM-BHfcTWrSjYiM2cOjQxroLgjBmvl3HsugKZGzeMt4V1xJlvnGDOsf0N6xsVHNxzQGhUjXPjjUcmlsBFjlUfv2SH2CEuVR6Xq44MAI2lpHx-AYRgKkU5eSiRNmG9vSPaI2lUdzRJa7GBZ55HCQP0fOtF6rLG9dp2kdYNVVdlLA520CkWjt2YVQ8eOx2K6ySdszLIJ3SzEg5Y15ul6kLqVC-mJKYTDlwaE_d9AjSEobvv7w3pzX-Grjz6zrHLB0kz6tCZOfUyHcEjAB9FzUKQz8-sNCfUr9N50A2x7bpTYgyKlaOo68SrkYrXaolFrLm0evvVAKlvCKF9q0aGaMPkrEJ_4jjpF8hZ-D4-v5gF4kk7UZQsspRpLS3IFAAs-L9x1DnLbK1vrLy68Sovsv2i29mmC96RKBId9SR6PM1lq1uPZ9KfHSGyGoIwhTZkuxf7z56LDqGBh8aIfuqvL4wUfDvXWwUPEZXl_nqUzQ.BwHgVhTgv_8qimbdFN37Cg.c4b06aa9e8beae1a047e68f988058db4e750c07066fa43f970d1ebdfcbc1001f
2025/08/20 14:03:19 verifyTurnstileverifyTurnstileverifyTurnstile: 0x4AAAAAABs0mQcJoE384zznrf2_dfQEplc
2025/08/20 14:03:34 username , password, toke AmirGHZ 18652442 0.-ZpmA0fE1z4m_AaiiR-7e6Xbx8HqLObsGxg2m5dXYeONrlokgAS_vZcKWm5FjOBFZV0vdfjQou-PcVIWgQYNs2_NFrsxepULqHZTogMEQ_IdfHBCRPBqf_IPrioFEjSo_zH8ICQIAIaHfwhUI2pMjOEXwNznjoih6CfaXRzWrMykIuslvz8puP8XFYHORnffZaDmJUizUfzRtn9b6qnfN8_wJuwC0Q068y1-Uj18PIYKvdCM2Z8H0kNYWZ9EnSsV-uFZw1FYQ0RFkE0xHA1xiuaHge5tuKW39XTN6rLL_HXCsridr2bt9nfKMHQIZPSTAD6OsLFFtJX1oldFyho6aHCNWQY9kjuAfyEzTFLI27_q3kmlIusGbw76pZ_B4BcoCKLtFi3AD8Skw0aDdGF6KmpnLwHhYai5_ghW6GEUo4FdfpjOM-BHfcTWrSjYiM2cOjQxroLgjBmvl3HsugKZGzeMt4V1xJlvnGDOsf0N6xsVHNxzQGhUjXPjjUcmlsBFjlUfv2SH2CEuVR6Xq44MAI2lpHx-AYRgKkU5eSiRNmG9vSPaI2lUdzRJa7GBZ55HCQP0fOtF6rLG9dp2kdYNVVdlLA520CkWjt2YVQ8eOx2K6ySdszLIJ3SzEg5Y15ul6kLqVC-mJKYTDlwaE_d9AjSEobvv7w3pzX-Grjz6zrHLB0kz6tCZOfUyHcEjAB9FzUKQz8-sNCfUr9N50A2x7bpTYgyKlaOo68SrkYrXaolFrLm0evvVAKlvCKF9q0aGaMPkrEJ_4jjpF8hZ-D4-v5gF4kk7UZQsspRpLS3IFAAs-L9x1DnLbK1vrLy68Sovsv2i29mmC96RKBId9SR6PM1lq1uPZ9KfHSGyGoIwhTZkuxf7z56LDqGBh8aIfuqvL4wUfDvXWwUPEZXl_nqUzQ.BwHgVhTgv_8qimbdFN37Cg.c4b06aa9e8beae1a047e68f988058db4e750c07066fa43f970d1ebdfcbc1001f
2025/08/20 14:03:34 verifyTurnstileverifyTurnstileverifyTurnstile: 0x4AAAAAABs0mQcJoE384zznrf2_dfQEplc
2025/08/20 14:03:34 Turnstile failed: [timeout-or-duplicate]
2025/08/20 14:03:46 username , password, toke AmirGHZ 18652442 0.pOkpQWfrBAz_cxQDar4_2DdD8h-y3L_Jn7e22GF4RmmGSghGJw2TXi4f928bEySPG9cE1JdjVcyF6kjghpIz0rTvD_bGm7mkeV69bU9BYUniA0_xd_cHxLqy574oy6kcSS-5TZHbHY3GCu5txuHHdOmEwct9SyUQuV5y4kGsSi7nfCfqQxYq9JebJ5TxQ9nRrLP0W6xMxq_QHwpNKWfvL9J_bzlvugd0cW5quVbwq0BS2vW4KyYPeTzK6C5lQpI5zXm8a6Zrl9xbwFEhZXVbxQiEAk4f2mxPd__e45FckVqMXQdp_DAEs3851-apW2Rg-qKrWqomyOWFaYMXijWlgoGH9UkhzRd1-V1J-fjvntioTjhO3FKjxvzSCfkhHZzSVjojc5geiFKnDa7DvG2tbDOAmXDj6ZYWl6lwxe4kULSgjVjQWhmM7h_M_q1xmG-Z2geLCFFzAB-5B-qPX8KbhwbZvc3FI7OERlZLkAqY6lWDneWs4sAUQSX-gLssNXDRldj6nDrSRIjKzYkBR8z8VwuePhdfGOjoBIMkskBxFMCzyH3rqH1smZdtYVk4qly49e8Y1_QnoLwaRaWHHc4G7Sp1qAoUbx0fOj6bINvkL8n9yqfO7xCXg2EymZKoCfeyC3OKSiMfbOS1vzMYpM4RRNfm96k2rfOS4gdZ2UaN06u7zQ70ZkKgu51iY0poXOBDSgjoDSEP9ZwlcYEZivGIDfss9Pvs0yHE5ppSYKIUWzpbNV0vZgkuQLS5Acm5rBWhuqJy096fiM3mA-REiKL7t6Tfm0tOejvq3PIdiLOpQE6C0WPIXFcO2AGmFxScU9xfST8lUoHto9wmmX3z_Z1EuY_RS74q-xTkvsi7pIah_4KexJqlNFy_sTLxj73T1ZgIkDgcCBasO88nEv6nKAQN7w.4y4zZHNTvogu8A0i_PXWWg.bd0c1dd9f807441048636c1e37280984f223f77f625960625361a7b547e1aced
2025/08/20 14:03:46 verifyTurnstileverifyTurnstileverifyTurnstile: 0x4AAAAAABs0mQcJoE384zznrf2_dfQEplc
